S:\Tools\EB_Bootloader\Workspace\checksums\bin\sha1sum.exe: plugins\APP_TS_TxDxM3I6R0\META-INF\MANIFEST.MF: No such file or directory
plugins\APP_TS_TxDxM3I6R0\META-INF\MANIFEST.MF: FAILED open or read
S:\Tools\EB_Bootloader\Workspace\checksums\bin\sha1sum.exe: plugins\APP_TS_TxDxM3I6R0\anchors.xml: No such file or directory
plugins\APP_TS_TxDxM3I6R0\anchors.xml: FAILED open or read
S:\Tools\EB_Bootloader\Workspace\checksums\bin\sha1sum.exe: plugins\APP_TS_TxDxM3I6R0\config\APP.xdm: No such file or directory
plugins\APP_TS_TxDxM3I6R0\config\APP.xdm: FAILED open or read
S:\Tools\EB_Bootloader\Workspace\checksums\bin\sha1sum.exe: plugins\APP_TS_TxDxM3I6R0\generate\templates\APP_Boot.c: No such file or directory
plugins\APP_TS_TxDxM3I6R0\generate\templates\APP_Boot.c: FAILED open or read
S:\Tools\EB_Bootloader\Workspace\checksums\bin\sha1sum.exe: plugins\APP_TS_TxDxM3I6R0\generate\templates\APP_Boot.h: No such file or directory
plugins\APP_TS_TxDxM3I6R0\generate\templates\APP_Boot.h: FAILED open or read
S:\Tools\EB_Bootloader\Workspace\checksums\bin\sha1sum.exe: plugins\APP_TS_TxDxM3I6R0\generate\templates\APP_Cbk.h: No such file or directory
plugins\APP_TS_TxDxM3I6R0\generate\templates\APP_Cbk.h: FAILED open or read
S:\Tools\EB_Bootloader\Workspace\checksums\bin\sha1sum.exe: plugins\APP_TS_TxDxM3I6R0\generate\templates\APP_Prg.c: No such file or directory
plugins\APP_TS_TxDxM3I6R0\generate\templates\APP_Prg.c: FAILED open or read
S:\Tools\EB_Bootloader\Workspace\checksums\bin\sha1sum.exe: plugins\APP_TS_TxDxM3I6R0\generate\templates\APP_Pub.h: No such file or directory
plugins\APP_TS_TxDxM3I6R0\generate\templates\APP_Pub.h: FAILED open or read
S:\Tools\EB_Bootloader\Workspace\checksums\bin\sha1sum.exe: plugins\APP_TS_TxDxM3I6R0\generate\templates\APP_Types.h: No such file or directory
plugins\APP_TS_TxDxM3I6R0\generate\templates\APP_Types.h: FAILED open or read
S:\Tools\EB_Bootloader\Workspace\checksums\bin\sha1sum.exe: plugins\APP_TS_TxDxM3I6R0\include\APP_Trace.h: No such file or directory
plugins\APP_TS_TxDxM3I6R0\include\APP_Trace.h: FAILED open or read
S:\Tools\EB_Bootloader\Workspace\checksums\bin\sha1sum.exe: plugins\APP_TS_TxDxM3I6R0\make\APP_defs.mak: No such file or directory
plugins\APP_TS_TxDxM3I6R0\make\APP_defs.mak: FAILED open or read
S:\Tools\EB_Bootloader\Workspace\checksums\bin\sha1sum.exe: plugins\APP_TS_TxDxM3I6R0\make\APP_rules.mak: No such file or directory
plugins\APP_TS_TxDxM3I6R0\make\APP_rules.mak: FAILED open or read
S:\Tools\EB_Bootloader\Workspace\checksums\bin\sha1sum.exe: plugins\APP_TS_TxDxM3I6R0\plugin.xml: No such file or directory
plugins\APP_TS_TxDxM3I6R0\plugin.xml: FAILED open or read
S:\Tools\EB_Bootloader\Workspace\checksums\bin\sha1sum.exe: WARNING: 13 of 13 listed files could not be read
