plugins\CanSM_TS_TxDxM3I6R0\META-INF\MANIFEST.MF: FAILED
plugins\CanSM_TS_TxDxM3I6R0\anchors.xml: OK
plugins\CanSM_TS_TxDxM3I6R0\autosar\CanSM.bmd: FAILED
plugins\CanSM_TS_TxDxM3I6R0\config\CanSM.xdm: FAILED
plugins\CanSM_TS_TxDxM3I6R0\generate\include\CanSM_Cfg.h: FAILED
plugins\CanSM_TS_TxDxM3I6R0\generate\include\CanSM_Det_Cfg.h: FAILED
plugins\CanSM_TS_TxDxM3I6R0\generate\include\CanSM_InternalCfg.h: FAILED
plugins\CanSM_TS_TxDxM3I6R0\generate\include\CanSM_Macros.m: FAILED
plugins\CanSM_TS_TxDxM3I6R0\generate\src\CanSM_Cfg.c: FAILED
plugins\CanSM_TS_TxDxM3I6R0\generate_swcd\swcd\CanSM_Bswmd.arxml: FAILED
plugins\CanSM_TS_TxDxM3I6R0\include\CanSM.h: FAILED
plugins\CanSM_TS_TxDxM3I6R0\include\CanSM_Api.h: FAILED
plugins\CanSM_TS_TxDxM3I6R0\include\CanSM_Api_Static.h: FAILED
plugins\CanSM_TS_TxDxM3I6R0\include\CanSM_BswM.h: FAILED
plugins\CanSM_TS_TxDxM3I6R0\include\CanSM_Cbk.h: FAILED
plugins\CanSM_TS_TxDxM3I6R0\include\CanSM_ComM.h: FAILED
plugins\CanSM_TS_TxDxM3I6R0\include\CanSM_Dcm.h: FAILED
plugins\CanSM_TS_TxDxM3I6R0\include\CanSM_Int_Stc.h: FAILED
plugins\CanSM_TS_TxDxM3I6R0\include\CanSM_Internal.h: FAILED
plugins\CanSM_TS_TxDxM3I6R0\include\CanSM_SchM.h: FAILED
plugins\CanSM_TS_TxDxM3I6R0\include\CanSM_Trace.h: FAILED
plugins\CanSM_TS_TxDxM3I6R0\include\CanSM_Trace_Internal.h: FAILED
plugins\CanSM_TS_TxDxM3I6R0\include\CanSM_TxTimeoutException.h: FAILED
plugins\CanSM_TS_TxDxM3I6R0\include\CanSM_Version.h: FAILED
plugins\CanSM_TS_TxDxM3I6R0\integration_requirements\CanSM_integration_req.reqm: FAILED
plugins\CanSM_TS_TxDxM3I6R0\make\CanSM_defs.mak: FAILED
plugins\CanSM_TS_TxDxM3I6R0\make\CanSM_rules.mak: FAILED
plugins\CanSM_TS_TxDxM3I6R0\plugin.xml: FAILED
plugins\CanSM_TS_TxDxM3I6R0\resources\CanSM_Dem_Events.xml: OK
plugins\CanSM_TS_TxDxM3I6R0\resources\CanSM_SchM_MainFunctions.xml: OK
plugins\CanSM_TS_TxDxM3I6R0\src\CanSM.c: FAILED
plugins\CanSM_TS_TxDxM3I6R0\src\CanSM_Cbk.c: FAILED
plugins\CanSM_TS_TxDxM3I6R0\src\CanSM_GetCurrentComMode.c: FAILED
plugins\CanSM_TS_TxDxM3I6R0\src\CanSM_GetVersionInfo.c: FAILED
plugins\CanSM_TS_TxDxM3I6R0\src\CanSM_Init.c: FAILED
plugins\CanSM_TS_TxDxM3I6R0\src\CanSM_MainFunction.c: FAILED
plugins\CanSM_TS_TxDxM3I6R0\src\CanSM_Merged.c: FAILED
plugins\CanSM_TS_TxDxM3I6R0\src\CanSM_RequestComMode.c: FAILED
plugins\CanSM_TS_TxDxM3I6R0\src\CanSM_SetBaudrate.c: FAILED
plugins\CanSM_TS_TxDxM3I6R0\src\CanSM_StateMachine.c: FAILED
S:\Tools\EB_Bootloader\Workspace\checksums\bin\sha1sum.exe: WARNING: 37 of 40 computed checksums did NOT match
