S:\Tools\EB_Bootloader\Workspace\checksums\bin\sha1sum.exe: plugins\Cry_TS_T0D1M1I0R0\META-INF\MANIFEST.MF: No such file or directory
plugins\Cry_TS_T0D1M1I0R0\META-INF\MANIFEST.MF: FAILED open or read
S:\Tools\EB_Bootloader\Workspace\checksums\bin\sha1sum.exe: plugins\Cry_TS_T0D1M1I0R0\anchors.xml: No such file or directory
plugins\Cry_TS_T0D1M1I0R0\anchors.xml: FAILED open or read
S:\Tools\EB_Bootloader\Workspace\checksums\bin\sha1sum.exe: plugins\Cry_TS_T0D1M1I0R0\config\Cry.xdm: No such file or directory
plugins\Cry_TS_T0D1M1I0R0\config\Cry.xdm: FAILED open or read
S:\Tools\EB_Bootloader\Workspace\checksums\bin\sha1sum.exe: plugins\Cry_TS_T0D1M1I0R0\include\CryStub_40_CompilerCfg.h: No such file or directory
plugins\Cry_TS_T0D1M1I0R0\include\CryStub_40_CompilerCfg.h: FAILED open or read
S:\Tools\EB_Bootloader\Workspace\checksums\bin\sha1sum.exe: plugins\Cry_TS_T0D1M1I0R0\include\CryStub_40_MemMap.h: No such file or directory
plugins\Cry_TS_T0D1M1I0R0\include\CryStub_40_MemMap.h: FAILED open or read
S:\Tools\EB_Bootloader\Workspace\checksums\bin\sha1sum.exe: plugins\Cry_TS_T0D1M1I0R0\include\Cry_AsymPrivateKeyWrapAsym.h: No such file or directory
plugins\Cry_TS_T0D1M1I0R0\include\Cry_AsymPrivateKeyWrapAsym.h: FAILED open or read
S:\Tools\EB_Bootloader\Workspace\checksums\bin\sha1sum.exe: plugins\Cry_TS_T0D1M1I0R0\include\Cry_AsymPrivateKeyWrapSym.h: No such file or directory
plugins\Cry_TS_T0D1M1I0R0\include\Cry_AsymPrivateKeyWrapSym.h: FAILED open or read
S:\Tools\EB_Bootloader\Workspace\checksums\bin\sha1sum.exe: plugins\Cry_TS_T0D1M1I0R0\include\Cry_AsymPublicKeyExtract.h: No such file or directory
plugins\Cry_TS_T0D1M1I0R0\include\Cry_AsymPublicKeyExtract.h: FAILED open or read
S:\Tools\EB_Bootloader\Workspace\checksums\bin\sha1sum.exe: plugins\Cry_TS_T0D1M1I0R0\include\Cry_Checksum.h: No such file or directory
plugins\Cry_TS_T0D1M1I0R0\include\Cry_Checksum.h: FAILED open or read
S:\Tools\EB_Bootloader\Workspace\checksums\bin\sha1sum.exe: plugins\Cry_TS_T0D1M1I0R0\include\Cry_Hash.h: No such file or directory
plugins\Cry_TS_T0D1M1I0R0\include\Cry_Hash.h: FAILED open or read
S:\Tools\EB_Bootloader\Workspace\checksums\bin\sha1sum.exe: plugins\Cry_TS_T0D1M1I0R0\include\Cry_MacGenerate.h: No such file or directory
plugins\Cry_TS_T0D1M1I0R0\include\Cry_MacGenerate.h: FAILED open or read
S:\Tools\EB_Bootloader\Workspace\checksums\bin\sha1sum.exe: plugins\Cry_TS_T0D1M1I0R0\include\Cry_MacVerify.h: No such file or directory
plugins\Cry_TS_T0D1M1I0R0\include\Cry_MacVerify.h: FAILED open or read
S:\Tools\EB_Bootloader\Workspace\checksums\bin\sha1sum.exe: plugins\Cry_TS_T0D1M1I0R0\include\Cry_RandomGenerate.h: No such file or directory
plugins\Cry_TS_T0D1M1I0R0\include\Cry_RandomGenerate.h: FAILED open or read
S:\Tools\EB_Bootloader\Workspace\checksums\bin\sha1sum.exe: plugins\Cry_TS_T0D1M1I0R0\include\Cry_RandomSeed.h: No such file or directory
plugins\Cry_TS_T0D1M1I0R0\include\Cry_RandomSeed.h: FAILED open or read
S:\Tools\EB_Bootloader\Workspace\checksums\bin\sha1sum.exe: plugins\Cry_TS_T0D1M1I0R0\include\Cry_SignatureGenerate.h: No such file or directory
plugins\Cry_TS_T0D1M1I0R0\include\Cry_SignatureGenerate.h: FAILED open or read
S:\Tools\EB_Bootloader\Workspace\checksums\bin\sha1sum.exe: plugins\Cry_TS_T0D1M1I0R0\include\Cry_SignatureVerify.h: No such file or directory
plugins\Cry_TS_T0D1M1I0R0\include\Cry_SignatureVerify.h: FAILED open or read
S:\Tools\EB_Bootloader\Workspace\checksums\bin\sha1sum.exe: plugins\Cry_TS_T0D1M1I0R0\include\Cry_SymBlockDecrypt.h: No such file or directory
plugins\Cry_TS_T0D1M1I0R0\include\Cry_SymBlockDecrypt.h: FAILED open or read
S:\Tools\EB_Bootloader\Workspace\checksums\bin\sha1sum.exe: plugins\Cry_TS_T0D1M1I0R0\include\Cry_SymBlockEncrypt.h: No such file or directory
plugins\Cry_TS_T0D1M1I0R0\include\Cry_SymBlockEncrypt.h: FAILED open or read
S:\Tools\EB_Bootloader\Workspace\checksums\bin\sha1sum.exe: plugins\Cry_TS_T0D1M1I0R0\include\Cry_SymDecrypt.h: No such file or directory
plugins\Cry_TS_T0D1M1I0R0\include\Cry_SymDecrypt.h: FAILED open or read
S:\Tools\EB_Bootloader\Workspace\checksums\bin\sha1sum.exe: plugins\Cry_TS_T0D1M1I0R0\include\Cry_SymEncrypt.h: No such file or directory
plugins\Cry_TS_T0D1M1I0R0\include\Cry_SymEncrypt.h: FAILED open or read
S:\Tools\EB_Bootloader\Workspace\checksums\bin\sha1sum.exe: plugins\Cry_TS_T0D1M1I0R0\include\Cry_SymKeyExtract.h: No such file or directory
plugins\Cry_TS_T0D1M1I0R0\include\Cry_SymKeyExtract.h: FAILED open or read
S:\Tools\EB_Bootloader\Workspace\checksums\bin\sha1sum.exe: plugins\Cry_TS_T0D1M1I0R0\include\Cry_SymKeyWrapAsym.h: No such file or directory
plugins\Cry_TS_T0D1M1I0R0\include\Cry_SymKeyWrapAsym.h: FAILED open or read
S:\Tools\EB_Bootloader\Workspace\checksums\bin\sha1sum.exe: plugins\Cry_TS_T0D1M1I0R0\include\Cry_SymKeyWrapSym.h: No such file or directory
plugins\Cry_TS_T0D1M1I0R0\include\Cry_SymKeyWrapSym.h: FAILED open or read
S:\Tools\EB_Bootloader\Workspace\checksums\bin\sha1sum.exe: plugins\Cry_TS_T0D1M1I0R0\make\Cry_defs.mak: No such file or directory
plugins\Cry_TS_T0D1M1I0R0\make\Cry_defs.mak: FAILED open or read
S:\Tools\EB_Bootloader\Workspace\checksums\bin\sha1sum.exe: plugins\Cry_TS_T0D1M1I0R0\make\Cry_rules.mak: No such file or directory
plugins\Cry_TS_T0D1M1I0R0\make\Cry_rules.mak: FAILED open or read
S:\Tools\EB_Bootloader\Workspace\checksums\bin\sha1sum.exe: plugins\Cry_TS_T0D1M1I0R0\plugin.xml: No such file or directory
plugins\Cry_TS_T0D1M1I0R0\plugin.xml: FAILED open or read
S:\Tools\EB_Bootloader\Workspace\checksums\bin\sha1sum.exe: plugins\Cry_TS_T0D1M1I0R0\src\Cry_AsymPrivateKeyWrapAsym.c: No such file or directory
plugins\Cry_TS_T0D1M1I0R0\src\Cry_AsymPrivateKeyWrapAsym.c: FAILED open or read
S:\Tools\EB_Bootloader\Workspace\checksums\bin\sha1sum.exe: plugins\Cry_TS_T0D1M1I0R0\src\Cry_AsymPrivateKeyWrapSym.c: No such file or directory
plugins\Cry_TS_T0D1M1I0R0\src\Cry_AsymPrivateKeyWrapSym.c: FAILED open or read
S:\Tools\EB_Bootloader\Workspace\checksums\bin\sha1sum.exe: plugins\Cry_TS_T0D1M1I0R0\src\Cry_AsymPublicKeyExtract.c: No such file or directory
plugins\Cry_TS_T0D1M1I0R0\src\Cry_AsymPublicKeyExtract.c: FAILED open or read
S:\Tools\EB_Bootloader\Workspace\checksums\bin\sha1sum.exe: plugins\Cry_TS_T0D1M1I0R0\src\Cry_Checksum.c: No such file or directory
plugins\Cry_TS_T0D1M1I0R0\src\Cry_Checksum.c: FAILED open or read
S:\Tools\EB_Bootloader\Workspace\checksums\bin\sha1sum.exe: plugins\Cry_TS_T0D1M1I0R0\src\Cry_Hash.c: No such file or directory
plugins\Cry_TS_T0D1M1I0R0\src\Cry_Hash.c: FAILED open or read
S:\Tools\EB_Bootloader\Workspace\checksums\bin\sha1sum.exe: plugins\Cry_TS_T0D1M1I0R0\src\Cry_MacGenerate.c: No such file or directory
plugins\Cry_TS_T0D1M1I0R0\src\Cry_MacGenerate.c: FAILED open or read
S:\Tools\EB_Bootloader\Workspace\checksums\bin\sha1sum.exe: plugins\Cry_TS_T0D1M1I0R0\src\Cry_MacVerify.c: No such file or directory
plugins\Cry_TS_T0D1M1I0R0\src\Cry_MacVerify.c: FAILED open or read
S:\Tools\EB_Bootloader\Workspace\checksums\bin\sha1sum.exe: plugins\Cry_TS_T0D1M1I0R0\src\Cry_RandomGenerate.c: No such file or directory
plugins\Cry_TS_T0D1M1I0R0\src\Cry_RandomGenerate.c: FAILED open or read
S:\Tools\EB_Bootloader\Workspace\checksums\bin\sha1sum.exe: plugins\Cry_TS_T0D1M1I0R0\src\Cry_RandomSeed.c: No such file or directory
plugins\Cry_TS_T0D1M1I0R0\src\Cry_RandomSeed.c: FAILED open or read
S:\Tools\EB_Bootloader\Workspace\checksums\bin\sha1sum.exe: plugins\Cry_TS_T0D1M1I0R0\src\Cry_SignatureGenerate.c: No such file or directory
plugins\Cry_TS_T0D1M1I0R0\src\Cry_SignatureGenerate.c: FAILED open or read
S:\Tools\EB_Bootloader\Workspace\checksums\bin\sha1sum.exe: plugins\Cry_TS_T0D1M1I0R0\src\Cry_SignatureVerify.c: No such file or directory
plugins\Cry_TS_T0D1M1I0R0\src\Cry_SignatureVerify.c: FAILED open or read
S:\Tools\EB_Bootloader\Workspace\checksums\bin\sha1sum.exe: plugins\Cry_TS_T0D1M1I0R0\src\Cry_SymBlockDecrypt.c: No such file or directory
plugins\Cry_TS_T0D1M1I0R0\src\Cry_SymBlockDecrypt.c: FAILED open or read
S:\Tools\EB_Bootloader\Workspace\checksums\bin\sha1sum.exe: plugins\Cry_TS_T0D1M1I0R0\src\Cry_SymBlockEncrypt.c: No such file or directory
plugins\Cry_TS_T0D1M1I0R0\src\Cry_SymBlockEncrypt.c: FAILED open or read
S:\Tools\EB_Bootloader\Workspace\checksums\bin\sha1sum.exe: plugins\Cry_TS_T0D1M1I0R0\src\Cry_SymDecrypt.c: No such file or directory
plugins\Cry_TS_T0D1M1I0R0\src\Cry_SymDecrypt.c: FAILED open or read
S:\Tools\EB_Bootloader\Workspace\checksums\bin\sha1sum.exe: plugins\Cry_TS_T0D1M1I0R0\src\Cry_SymEncrypt.c: No such file or directory
plugins\Cry_TS_T0D1M1I0R0\src\Cry_SymEncrypt.c: FAILED open or read
S:\Tools\EB_Bootloader\Workspace\checksums\bin\sha1sum.exe: plugins\Cry_TS_T0D1M1I0R0\src\Cry_SymKeyExtract.c: No such file or directory
plugins\Cry_TS_T0D1M1I0R0\src\Cry_SymKeyExtract.c: FAILED open or read
S:\Tools\EB_Bootloader\Workspace\checksums\bin\sha1sum.exe: plugins\Cry_TS_T0D1M1I0R0\src\Cry_SymKeyWrapAsym.c: No such file or directory
plugins\Cry_TS_T0D1M1I0R0\src\Cry_SymKeyWrapAsym.c: FAILED open or read
S:\Tools\EB_Bootloader\Workspace\checksums\bin\sha1sum.exe: plugins\Cry_TS_T0D1M1I0R0\src\Cry_SymKeyWrapSym.c: No such file or directory
plugins\Cry_TS_T0D1M1I0R0\src\Cry_SymKeyWrapSym.c: FAILED open or read
S:\Tools\EB_Bootloader\Workspace\checksums\bin\sha1sum.exe: WARNING: 44 of 44 listed files could not be read
