plugins\Flash_TS_T40D2M7I0R0\anchors.xml: FAILED
plugins\Flash_TS_T40D2M7I0R0\config\Flash.xdm: OK
plugins\Flash_TS_T40D2M7I0R0\generate\include\FLASH_Cfg.h: OK
doc\4.0_EB_tresos_AutoCore_Generic\AutoCore_Generic_FLASH_documentation.pdf: OK
plugins\Flash_TS_T40D2M7I0R0\generate\include\FLASH_Cbk.h: OK
plugins\Flash_TS_T40D2M7I0R0\generate\include\FLASH_Types.h: OK
plugins\Flash_TS_T40D2M7I0R0\generate\include\FLASH_Hw.h: FAILED
plugins\Flash_TS_T40D2M7I0R0\generate\src\FLASH_Cfg.c: OK
plugins\Flash_TS_T40D2M7I0R0\include\FLASH_LLD.h: FAILED
plugins\Flash_TS_T40D2M7I0R0\include\FLASH_Pub.h: FAILED
plugins\Flash_TS_T40D2M7I0R0\include\FLS_S32K14X.h: OK
plugins\eb.tresos.doc.Flash_TS_T40D2M7I0R0_module_documentation.help.en.jar: OK
plugins\Flash_TS_T40D2M7I0R0\make\Flash_defs.mak: FAILED
plugins\Flash_TS_T40D2M7I0R0\make\Flash_rules.mak: FAILED
plugins\Flash_TS_T40D2M7I0R0\META-INF\MANIFEST.MF: FAILED
plugins\Flash_TS_T40D2M7I0R0\plugin.xml: FAILED
plugins\Flash_TS_T40D2M7I0R0\src\FLASH_LLD.c: FAILED
plugins\Flash_TS_T40D2M7I0R0\src\FLASH_Prg.c: FAILED
plugins\Flash_TS_T40D2M7I0R0\src\FLS_S32K14X.c: OK
plugins\Flash_TS_T40D2M7I0R0\src\FlashSectors.xlsx: OK
S:\Tools\EB_Bootloader\Workspace\checksums\bin\sha1sum.exe: WARNING: 10 of 20 computed checksums did NOT match
