S:\Tools\EB_Bootloader\Workspace\checksums\bin\sha1sum.exe: plugins\ProgVAG_TS_TxDxM0I4R0\META-INF\MANIFEST.MF: No such file or directory
plugins\ProgVAG_TS_TxDxM0I4R0\META-INF\MANIFEST.MF: FAILED open or read
S:\Tools\EB_Bootloader\Workspace\checksums\bin\sha1sum.exe: plugins\ProgVAG_TS_TxDxM0I4R0\anchors.xml: No such file or directory
plugins\ProgVAG_TS_TxDxM0I4R0\anchors.xml: FAILED open or read
S:\Tools\EB_Bootloader\Workspace\checksums\bin\sha1sum.exe: plugins\ProgVAG_TS_TxDxM0I4R0\config\ProgVAG.xdm: No such file or directory
plugins\ProgVAG_TS_TxDxM0I4R0\config\ProgVAG.xdm: FAILED open or read
S:\Tools\EB_Bootloader\Workspace\checksums\bin\sha1sum.exe: plugins\ProgVAG_TS_TxDxM0I4R0\generate\templates\PROG_MemMap.h: No such file or directory
plugins\ProgVAG_TS_TxDxM0I4R0\generate\templates\PROG_MemMap.h: FAILED open or read
S:\Tools\EB_Bootloader\Workspace\checksums\bin\sha1sum.exe: plugins\ProgVAG_TS_TxDxM0I4R0\include\PROG_Hsm.h: No such file or directory
plugins\ProgVAG_TS_TxDxM0I4R0\include\PROG_Hsm.h: FAILED open or read
S:\Tools\EB_Bootloader\Workspace\checksums\bin\sha1sum.exe: plugins\ProgVAG_TS_TxDxM0I4R0\include\PROG_HsmCfg.h: No such file or directory
plugins\ProgVAG_TS_TxDxM0I4R0\include\PROG_HsmCfg.h: FAILED open or read
S:\Tools\EB_Bootloader\Workspace\checksums\bin\sha1sum.exe: plugins\ProgVAG_TS_TxDxM0I4R0\include\PROG_HsmPROG.h: No such file or directory
plugins\ProgVAG_TS_TxDxM0I4R0\include\PROG_HsmPROG.h: FAILED open or read
S:\Tools\EB_Bootloader\Workspace\checksums\bin\sha1sum.exe: plugins\ProgVAG_TS_TxDxM0I4R0\include\PROG_HsmPROGInt.h: No such file or directory
plugins\ProgVAG_TS_TxDxM0I4R0\include\PROG_HsmPROGInt.h: FAILED open or read
S:\Tools\EB_Bootloader\Workspace\checksums\bin\sha1sum.exe: plugins\ProgVAG_TS_TxDxM0I4R0\include\PROG_HsmTrace.h: No such file or directory
plugins\ProgVAG_TS_TxDxM0I4R0\include\PROG_HsmTrace.h: FAILED open or read
S:\Tools\EB_Bootloader\Workspace\checksums\bin\sha1sum.exe: plugins\ProgVAG_TS_TxDxM0I4R0\make\ProgVAG_defs.mak: No such file or directory
plugins\ProgVAG_TS_TxDxM0I4R0\make\ProgVAG_defs.mak: FAILED open or read
S:\Tools\EB_Bootloader\Workspace\checksums\bin\sha1sum.exe: plugins\ProgVAG_TS_TxDxM0I4R0\make\ProgVAG_rules.mak: No such file or directory
plugins\ProgVAG_TS_TxDxM0I4R0\make\ProgVAG_rules.mak: FAILED open or read
S:\Tools\EB_Bootloader\Workspace\checksums\bin\sha1sum.exe: plugins\ProgVAG_TS_TxDxM0I4R0\plugin.xml: No such file or directory
plugins\ProgVAG_TS_TxDxM0I4R0\plugin.xml: FAILED open or read
S:\Tools\EB_Bootloader\Workspace\checksums\bin\sha1sum.exe: plugins\ProgVAG_TS_TxDxM0I4R0\src\PROG_Hsm.c: No such file or directory
plugins\ProgVAG_TS_TxDxM0I4R0\src\PROG_Hsm.c: FAILED open or read
S:\Tools\EB_Bootloader\Workspace\checksums\bin\sha1sum.exe: plugins\ProgVAG_TS_TxDxM0I4R0\src\PROG_HsmPROGData.c: No such file or directory
plugins\ProgVAG_TS_TxDxM0I4R0\src\PROG_HsmPROGData.c: FAILED open or read
S:\Tools\EB_Bootloader\Workspace\checksums\bin\sha1sum.exe: plugins\ProgVAG_TS_TxDxM0I4R0\src\PROG_HsmPROGFnct.c: No such file or directory
plugins\ProgVAG_TS_TxDxM0I4R0\src\PROG_HsmPROGFnct.c: FAILED open or read
S:\Tools\EB_Bootloader\Workspace\checksums\bin\sha1sum.exe: WARNING: 15 of 15 listed files could not be read
