S:\Tools\EB_Bootloader\Workspace\checksums\bin\sha1sum.exe: plugins\Prog_TS_TxDxM2I17R0\META-INF\MANIFEST.MF: No such file or directory
plugins\Prog_TS_TxDxM2I17R0\META-INF\MANIFEST.MF: FAILED open or read
S:\Tools\EB_Bootloader\Workspace\checksums\bin\sha1sum.exe: plugins\Prog_TS_TxDxM2I17R0\anchors.xml: No such file or directory
plugins\Prog_TS_TxDxM2I17R0\anchors.xml: FAILED open or read
S:\Tools\EB_Bootloader\Workspace\checksums\bin\sha1sum.exe: plugins\Prog_TS_TxDxM2I17R0\config\Prog.xdm: No such file or directory
plugins\Prog_TS_TxDxM2I17R0\config\Prog.xdm: FAILED open or read
S:\Tools\EB_Bootloader\Workspace\checksums\bin\sha1sum.exe: plugins\Prog_TS_TxDxM2I17R0\generate\include\PROG_Cbk.h: No such file or directory
plugins\Prog_TS_TxDxM2I17R0\generate\include\PROG_Cbk.h: FAILED open or read
S:\Tools\EB_Bootloader\Workspace\checksums\bin\sha1sum.exe: plugins\Prog_TS_TxDxM2I17R0\generate\include\PROG_Cfg.h: No such file or directory
plugins\Prog_TS_TxDxM2I17R0\generate\include\PROG_Cfg.h: FAILED open or read
S:\Tools\EB_Bootloader\Workspace\checksums\bin\sha1sum.exe: plugins\Prog_TS_TxDxM2I17R0\generate\include\PROG_Cfg_Impl0.h: No such file or directory
plugins\Prog_TS_TxDxM2I17R0\generate\include\PROG_Cfg_Impl0.h: FAILED open or read
S:\Tools\EB_Bootloader\Workspace\checksums\bin\sha1sum.exe: plugins\Prog_TS_TxDxM2I17R0\generate\include\PROG_Cfg_Impl10.h: No such file or directory
plugins\Prog_TS_TxDxM2I17R0\generate\include\PROG_Cfg_Impl10.h: FAILED open or read
S:\Tools\EB_Bootloader\Workspace\checksums\bin\sha1sum.exe: plugins\Prog_TS_TxDxM2I17R0\generate\include\PROG_Cfg_Impl20.h: No such file or directory
plugins\Prog_TS_TxDxM2I17R0\generate\include\PROG_Cfg_Impl20.h: FAILED open or read
S:\Tools\EB_Bootloader\Workspace\checksums\bin\sha1sum.exe: plugins\Prog_TS_TxDxM2I17R0\generate\include\PROG_Cfg_Impl30.h: No such file or directory
plugins\Prog_TS_TxDxM2I17R0\generate\include\PROG_Cfg_Impl30.h: FAILED open or read
S:\Tools\EB_Bootloader\Workspace\checksums\bin\sha1sum.exe: plugins\Prog_TS_TxDxM2I17R0\generate\include\PROG_Cfg_Impl40.h: No such file or directory
plugins\Prog_TS_TxDxM2I17R0\generate\include\PROG_Cfg_Impl40.h: FAILED open or read
S:\Tools\EB_Bootloader\Workspace\checksums\bin\sha1sum.exe: plugins\Prog_TS_TxDxM2I17R0\generate\include\PROG_Cfg_Impl50.h: No such file or directory
plugins\Prog_TS_TxDxM2I17R0\generate\include\PROG_Cfg_Impl50.h: FAILED open or read
S:\Tools\EB_Bootloader\Workspace\checksums\bin\sha1sum.exe: plugins\Prog_TS_TxDxM2I17R0\generate\include\PROG_Cfg_Impl60.h: No such file or directory
plugins\Prog_TS_TxDxM2I17R0\generate\include\PROG_Cfg_Impl60.h: FAILED open or read
S:\Tools\EB_Bootloader\Workspace\checksums\bin\sha1sum.exe: plugins\Prog_TS_TxDxM2I17R0\generate\include\PROG_Cry.h: No such file or directory
plugins\Prog_TS_TxDxM2I17R0\generate\include\PROG_Cry.h: FAILED open or read
S:\Tools\EB_Bootloader\Workspace\checksums\bin\sha1sum.exe: plugins\Prog_TS_TxDxM2I17R0\generate\include\PROG_Decomp.h: No such file or directory
plugins\Prog_TS_TxDxM2I17R0\generate\include\PROG_Decomp.h: FAILED open or read
S:\Tools\EB_Bootloader\Workspace\checksums\bin\sha1sum.exe: plugins\Prog_TS_TxDxM2I17R0\generate\include\PROG_Responses.h: No such file or directory
plugins\Prog_TS_TxDxM2I17R0\generate\include\PROG_Responses.h: FAILED open or read
S:\Tools\EB_Bootloader\Workspace\checksums\bin\sha1sum.exe: plugins\Prog_TS_TxDxM2I17R0\generate\include\PROG_Types.h: No such file or directory
plugins\Prog_TS_TxDxM2I17R0\generate\include\PROG_Types.h: FAILED open or read
S:\Tools\EB_Bootloader\Workspace\checksums\bin\sha1sum.exe: plugins\Prog_TS_TxDxM2I17R0\generate\src\PROG_Cfg.c: No such file or directory
plugins\Prog_TS_TxDxM2I17R0\generate\src\PROG_Cfg.c: FAILED open or read
S:\Tools\EB_Bootloader\Workspace\checksums\bin\sha1sum.exe: plugins\Prog_TS_TxDxM2I17R0\generate\templates\PROG_Cbk.c: No such file or directory
plugins\Prog_TS_TxDxM2I17R0\generate\templates\PROG_Cbk.c: FAILED open or read
S:\Tools\EB_Bootloader\Workspace\checksums\bin\sha1sum.exe: plugins\Prog_TS_TxDxM2I17R0\generate\templates\PROG_MemMap.h: No such file or directory
plugins\Prog_TS_TxDxM2I17R0\generate\templates\PROG_MemMap.h: FAILED open or read
S:\Tools\EB_Bootloader\Workspace\checksums\bin\sha1sum.exe: plugins\Prog_TS_TxDxM2I17R0\generate\templates\PROG_Responses.c: No such file or directory
plugins\Prog_TS_TxDxM2I17R0\generate\templates\PROG_Responses.c: FAILED open or read
S:\Tools\EB_Bootloader\Workspace\checksums\bin\sha1sum.exe: plugins\Prog_TS_TxDxM2I17R0\include\PROG_Priv.h: No such file or directory
plugins\Prog_TS_TxDxM2I17R0\include\PROG_Priv.h: FAILED open or read
S:\Tools\EB_Bootloader\Workspace\checksums\bin\sha1sum.exe: plugins\Prog_TS_TxDxM2I17R0\include\PROG_Pub.h: No such file or directory
plugins\Prog_TS_TxDxM2I17R0\include\PROG_Pub.h: FAILED open or read
S:\Tools\EB_Bootloader\Workspace\checksums\bin\sha1sum.exe: plugins\Prog_TS_TxDxM2I17R0\include\PROG_Trace.h: No such file or directory
plugins\Prog_TS_TxDxM2I17R0\include\PROG_Trace.h: FAILED open or read
S:\Tools\EB_Bootloader\Workspace\checksums\bin\sha1sum.exe: plugins\Prog_TS_TxDxM2I17R0\make\Prog_defs.mak: No such file or directory
plugins\Prog_TS_TxDxM2I17R0\make\Prog_defs.mak: FAILED open or read
S:\Tools\EB_Bootloader\Workspace\checksums\bin\sha1sum.exe: plugins\Prog_TS_TxDxM2I17R0\make\Prog_rules.mak: No such file or directory
plugins\Prog_TS_TxDxM2I17R0\make\Prog_rules.mak: FAILED open or read
S:\Tools\EB_Bootloader\Workspace\checksums\bin\sha1sum.exe: plugins\Prog_TS_TxDxM2I17R0\plugin.xml: No such file or directory
plugins\Prog_TS_TxDxM2I17R0\plugin.xml: FAILED open or read
S:\Tools\EB_Bootloader\Workspace\checksums\bin\sha1sum.exe: plugins\Prog_TS_TxDxM2I17R0\src\PROG_Cry.c: No such file or directory
plugins\Prog_TS_TxDxM2I17R0\src\PROG_Cry.c: FAILED open or read
S:\Tools\EB_Bootloader\Workspace\checksums\bin\sha1sum.exe: plugins\Prog_TS_TxDxM2I17R0\src\PROG_Cust_AppliCheck.c: No such file or directory
plugins\Prog_TS_TxDxM2I17R0\src\PROG_Cust_AppliCheck.c: FAILED open or read
S:\Tools\EB_Bootloader\Workspace\checksums\bin\sha1sum.exe: plugins\Prog_TS_TxDxM2I17R0\src\PROG_Cust_Crc.c: No such file or directory
plugins\Prog_TS_TxDxM2I17R0\src\PROG_Cust_Crc.c: FAILED open or read
S:\Tools\EB_Bootloader\Workspace\checksums\bin\sha1sum.exe: plugins\Prog_TS_TxDxM2I17R0\src\PROG_Cust_Init.c: No such file or directory
plugins\Prog_TS_TxDxM2I17R0\src\PROG_Cust_Init.c: FAILED open or read
S:\Tools\EB_Bootloader\Workspace\checksums\bin\sha1sum.exe: plugins\Prog_TS_TxDxM2I17R0\src\PROG_Cust_SBL.c: No such file or directory
plugins\Prog_TS_TxDxM2I17R0\src\PROG_Cust_SBL.c: FAILED open or read
S:\Tools\EB_Bootloader\Workspace\checksums\bin\sha1sum.exe: plugins\Prog_TS_TxDxM2I17R0\src\PROG_Decomp.c: No such file or directory
plugins\Prog_TS_TxDxM2I17R0\src\PROG_Decomp.c: FAILED open or read
S:\Tools\EB_Bootloader\Workspace\checksums\bin\sha1sum.exe: plugins\Prog_TS_TxDxM2I17R0\src\PROG_Driver.c: No such file or directory
plugins\Prog_TS_TxDxM2I17R0\src\PROG_Driver.c: FAILED open or read
S:\Tools\EB_Bootloader\Workspace\checksums\bin\sha1sum.exe: plugins\Prog_TS_TxDxM2I17R0\src\PROG_Erase.c: No such file or directory
plugins\Prog_TS_TxDxM2I17R0\src\PROG_Erase.c: FAILED open or read
S:\Tools\EB_Bootloader\Workspace\checksums\bin\sha1sum.exe: plugins\Prog_TS_TxDxM2I17R0\src\PROG_Impl_10.c: No such file or directory
plugins\Prog_TS_TxDxM2I17R0\src\PROG_Impl_10.c: FAILED open or read
S:\Tools\EB_Bootloader\Workspace\checksums\bin\sha1sum.exe: plugins\Prog_TS_TxDxM2I17R0\src\PROG_Impl_20.c: No such file or directory
plugins\Prog_TS_TxDxM2I17R0\src\PROG_Impl_20.c: FAILED open or read
S:\Tools\EB_Bootloader\Workspace\checksums\bin\sha1sum.exe: plugins\Prog_TS_TxDxM2I17R0\src\PROG_Mem.c: No such file or directory
plugins\Prog_TS_TxDxM2I17R0\src\PROG_Mem.c: FAILED open or read
S:\Tools\EB_Bootloader\Workspace\checksums\bin\sha1sum.exe: plugins\Prog_TS_TxDxM2I17R0\src\PROG_Prg.c: No such file or directory
plugins\Prog_TS_TxDxM2I17R0\src\PROG_Prg.c: FAILED open or read
S:\Tools\EB_Bootloader\Workspace\checksums\bin\sha1sum.exe: plugins\Prog_TS_TxDxM2I17R0\src\PROG_ResumeReprog.c: No such file or directory
plugins\Prog_TS_TxDxM2I17R0\src\PROG_ResumeReprog.c: FAILED open or read
S:\Tools\EB_Bootloader\Workspace\checksums\bin\sha1sum.exe: plugins\Prog_TS_TxDxM2I17R0\src\PROG_Security.c: No such file or directory
plugins\Prog_TS_TxDxM2I17R0\src\PROG_Security.c: FAILED open or read
S:\Tools\EB_Bootloader\Workspace\checksums\bin\sha1sum.exe: WARNING: 40 of 40 listed files could not be read
