S:\Tools\EB_Bootloader\Workspace\checksums\bin\sha1sum.exe: plugins\SA_TS_TxDxM1I13R0\META-INF\MANIFEST.MF: No such file or directory
plugins\SA_TS_TxDxM1I13R0\META-INF\MANIFEST.MF: FAILED open or read
S:\Tools\EB_Bootloader\Workspace\checksums\bin\sha1sum.exe: plugins\SA_TS_TxDxM1I13R0\anchors.xml: No such file or directory
plugins\SA_TS_TxDxM1I13R0\anchors.xml: FAILED open or read
S:\Tools\EB_Bootloader\Workspace\checksums\bin\sha1sum.exe: plugins\SA_TS_TxDxM1I13R0\config\SA.xdm: No such file or directory
plugins\SA_TS_TxDxM1I13R0\config\SA.xdm: FAILED open or read
S:\Tools\EB_Bootloader\Workspace\checksums\bin\sha1sum.exe: plugins\SA_TS_TxDxM1I13R0\generate\include\SA_Cbk.h: No such file or directory
plugins\SA_TS_TxDxM1I13R0\generate\include\SA_Cbk.h: FAILED open or read
S:\Tools\EB_Bootloader\Workspace\checksums\bin\sha1sum.exe: plugins\SA_TS_TxDxM1I13R0\generate\include\SA_Cfg.h: No such file or directory
plugins\SA_TS_TxDxM1I13R0\generate\include\SA_Cfg.h: FAILED open or read
S:\Tools\EB_Bootloader\Workspace\checksums\bin\sha1sum.exe: plugins\SA_TS_TxDxM1I13R0\generate\include\SA_Types.h: No such file or directory
plugins\SA_TS_TxDxM1I13R0\generate\include\SA_Types.h: FAILED open or read
S:\Tools\EB_Bootloader\Workspace\checksums\bin\sha1sum.exe: plugins\SA_TS_TxDxM1I13R0\generate\src\SA_Cfg.c: No such file or directory
plugins\SA_TS_TxDxM1I13R0\generate\src\SA_Cfg.c: FAILED open or read
S:\Tools\EB_Bootloader\Workspace\checksums\bin\sha1sum.exe: plugins\SA_TS_TxDxM1I13R0\generate\templates\SA_Cbk.c: No such file or directory
plugins\SA_TS_TxDxM1I13R0\generate\templates\SA_Cbk.c: FAILED open or read
S:\Tools\EB_Bootloader\Workspace\checksums\bin\sha1sum.exe: plugins\SA_TS_TxDxM1I13R0\generate\templates\SA_MemMap.h: No such file or directory
plugins\SA_TS_TxDxM1I13R0\generate\templates\SA_MemMap.h: FAILED open or read
S:\Tools\EB_Bootloader\Workspace\checksums\bin\sha1sum.exe: plugins\SA_TS_TxDxM1I13R0\include\SA_Priv.h: No such file or directory
plugins\SA_TS_TxDxM1I13R0\include\SA_Priv.h: FAILED open or read
S:\Tools\EB_Bootloader\Workspace\checksums\bin\sha1sum.exe: plugins\SA_TS_TxDxM1I13R0\include\SA_Pub.h: No such file or directory
plugins\SA_TS_TxDxM1I13R0\include\SA_Pub.h: FAILED open or read
S:\Tools\EB_Bootloader\Workspace\checksums\bin\sha1sum.exe: plugins\SA_TS_TxDxM1I13R0\include\SA_Trace.h: No such file or directory
plugins\SA_TS_TxDxM1I13R0\include\SA_Trace.h: FAILED open or read
S:\Tools\EB_Bootloader\Workspace\checksums\bin\sha1sum.exe: plugins\SA_TS_TxDxM1I13R0\make\SA_defs.mak: No such file or directory
plugins\SA_TS_TxDxM1I13R0\make\SA_defs.mak: FAILED open or read
S:\Tools\EB_Bootloader\Workspace\checksums\bin\sha1sum.exe: plugins\SA_TS_TxDxM1I13R0\make\SA_rules.mak: No such file or directory
plugins\SA_TS_TxDxM1I13R0\make\SA_rules.mak: FAILED open or read
S:\Tools\EB_Bootloader\Workspace\checksums\bin\sha1sum.exe: plugins\SA_TS_TxDxM1I13R0\plugin.xml: No such file or directory
plugins\SA_TS_TxDxM1I13R0\plugin.xml: FAILED open or read
S:\Tools\EB_Bootloader\Workspace\checksums\bin\sha1sum.exe: plugins\SA_TS_TxDxM1I13R0\src\SA_AuthMethod0001.c: No such file or directory
plugins\SA_TS_TxDxM1I13R0\src\SA_AuthMethod0001.c: FAILED open or read
S:\Tools\EB_Bootloader\Workspace\checksums\bin\sha1sum.exe: plugins\SA_TS_TxDxM1I13R0\src\SA_Decomp.c: No such file or directory
plugins\SA_TS_TxDxM1I13R0\src\SA_Decomp.c: FAILED open or read
S:\Tools\EB_Bootloader\Workspace\checksums\bin\sha1sum.exe: plugins\SA_TS_TxDxM1I13R0\src\SA_Prg.c: No such file or directory
plugins\SA_TS_TxDxM1I13R0\src\SA_Prg.c: FAILED open or read
S:\Tools\EB_Bootloader\Workspace\checksums\bin\sha1sum.exe: WARNING: 18 of 18 listed files could not be read
