S:\Tools\EB_Bootloader\Workspace\checksums\bin\sha1sum.exe: doc\4.0_EB_tresos_AutoCore_Generic\EBtresosSolutions_StdDiagM_release_notes_and_documentation.pdf: No such file or directory
doc\4.0_EB_tresos_AutoCore_Generic\EBtresosSolutions_StdDiagM_release_notes_and_documentation.pdf: FAILED open or read
S:\Tools\EB_Bootloader\Workspace\checksums\bin\sha1sum.exe: plugins\StdDiagM_TS_TxDxM1I0R0\META-INF\MANIFEST.MF: No such file or directory
plugins\StdDiagM_TS_TxDxM1I0R0\META-INF\MANIFEST.MF: FAILED open or read
S:\Tools\EB_Bootloader\Workspace\checksums\bin\sha1sum.exe: plugins\StdDiagM_TS_TxDxM1I0R0\anchors.xml: No such file or directory
plugins\StdDiagM_TS_TxDxM1I0R0\anchors.xml: FAILED open or read
S:\Tools\EB_Bootloader\Workspace\checksums\bin\sha1sum.exe: plugins\StdDiagM_TS_TxDxM1I0R0\config\StdDiagM.xdm: No such file or directory
plugins\StdDiagM_TS_TxDxM1I0R0\config\StdDiagM.xdm: FAILED open or read
S:\Tools\EB_Bootloader\Workspace\checksums\bin\sha1sum.exe: plugins\StdDiagM_TS_TxDxM1I0R0\generate\include\StdDiagM.m: No such file or directory
plugins\StdDiagM_TS_TxDxM1I0R0\generate\include\StdDiagM.m: FAILED open or read
S:\Tools\EB_Bootloader\Workspace\checksums\bin\sha1sum.exe: plugins\StdDiagM_TS_TxDxM1I0R0\generate\include\StdDiagM_Cfg.h: No such file or directory
plugins\StdDiagM_TS_TxDxM1I0R0\generate\include\StdDiagM_Cfg.h: FAILED open or read
S:\Tools\EB_Bootloader\Workspace\checksums\bin\sha1sum.exe: plugins\StdDiagM_TS_TxDxM1I0R0\generate\include\StdDiagM_Types.h: No such file or directory
plugins\StdDiagM_TS_TxDxM1I0R0\generate\include\StdDiagM_Types.h: FAILED open or read
S:\Tools\EB_Bootloader\Workspace\checksums\bin\sha1sum.exe: plugins\StdDiagM_TS_TxDxM1I0R0\generate\src\StdDiagM.m: No such file or directory
plugins\StdDiagM_TS_TxDxM1I0R0\generate\src\StdDiagM.m: FAILED open or read
S:\Tools\EB_Bootloader\Workspace\checksums\bin\sha1sum.exe: plugins\StdDiagM_TS_TxDxM1I0R0\generate\src\StdDiagM_Cfg.c: No such file or directory
plugins\StdDiagM_TS_TxDxM1I0R0\generate\src\StdDiagM_Cfg.c: FAILED open or read
S:\Tools\EB_Bootloader\Workspace\checksums\bin\sha1sum.exe: plugins\StdDiagM_TS_TxDxM1I0R0\generate_swcd\swcd\StdDiagM.m: No such file or directory
plugins\StdDiagM_TS_TxDxM1I0R0\generate_swcd\swcd\StdDiagM.m: FAILED open or read
S:\Tools\EB_Bootloader\Workspace\checksums\bin\sha1sum.exe: plugins\StdDiagM_TS_TxDxM1I0R0\generate_swcd\swcd\StdDiagM_ext_interfaces.arxml: No such file or directory
plugins\StdDiagM_TS_TxDxM1I0R0\generate_swcd\swcd\StdDiagM_ext_interfaces.arxml: FAILED open or read
S:\Tools\EB_Bootloader\Workspace\checksums\bin\sha1sum.exe: plugins\StdDiagM_TS_TxDxM1I0R0\generate_swcd\swcd\StdDiagM_interfaces.arxml: No such file or directory
plugins\StdDiagM_TS_TxDxM1I0R0\generate_swcd\swcd\StdDiagM_interfaces.arxml: FAILED open or read
S:\Tools\EB_Bootloader\Workspace\checksums\bin\sha1sum.exe: plugins\StdDiagM_TS_TxDxM1I0R0\generate_swcd\swcd\StdDiagM_internal.arxml: No such file or directory
plugins\StdDiagM_TS_TxDxM1I0R0\generate_swcd\swcd\StdDiagM_internal.arxml: FAILED open or read
S:\Tools\EB_Bootloader\Workspace\checksums\bin\sha1sum.exe: plugins\StdDiagM_TS_TxDxM1I0R0\include\StdDiagM.h: No such file or directory
plugins\StdDiagM_TS_TxDxM1I0R0\include\StdDiagM.h: FAILED open or read
S:\Tools\EB_Bootloader\Workspace\checksums\bin\sha1sum.exe: plugins\StdDiagM_TS_TxDxM1I0R0\integration_requirements\StdDiagM_integration_req.reqm: No such file or directory
plugins\StdDiagM_TS_TxDxM1I0R0\integration_requirements\StdDiagM_integration_req.reqm: FAILED open or read
S:\Tools\EB_Bootloader\Workspace\checksums\bin\sha1sum.exe: plugins\StdDiagM_TS_TxDxM1I0R0\make\StdDiagM_defs.mak: No such file or directory
plugins\StdDiagM_TS_TxDxM1I0R0\make\StdDiagM_defs.mak: FAILED open or read
S:\Tools\EB_Bootloader\Workspace\checksums\bin\sha1sum.exe: plugins\StdDiagM_TS_TxDxM1I0R0\make\StdDiagM_rules.mak: No such file or directory
plugins\StdDiagM_TS_TxDxM1I0R0\make\StdDiagM_rules.mak: FAILED open or read
S:\Tools\EB_Bootloader\Workspace\checksums\bin\sha1sum.exe: plugins\StdDiagM_TS_TxDxM1I0R0\plugin.xml: No such file or directory
plugins\StdDiagM_TS_TxDxM1I0R0\plugin.xml: FAILED open or read
S:\Tools\EB_Bootloader\Workspace\checksums\bin\sha1sum.exe: plugins\StdDiagM_TS_TxDxM1I0R0\src\StdDiagM.c: No such file or directory
plugins\StdDiagM_TS_TxDxM1I0R0\src\StdDiagM.c: FAILED open or read
S:\Tools\EB_Bootloader\Workspace\checksums\bin\sha1sum.exe: plugins\eb.tresos.doc.StdDiagM_TS_TxDxM1I0R0_module_documentation.help.en.jar: No such file or directory
plugins\eb.tresos.doc.StdDiagM_TS_TxDxM1I0R0_module_documentation.help.en.jar: FAILED open or read
S:\Tools\EB_Bootloader\Workspace\checksums\bin\sha1sum.exe: WARNING: 20 of 20 listed files could not be read
