S:\Tools\EB_Bootloader\Workspace\checksums\bin\sha1sum.exe: plugins\Tm_TS_TxDxM1I0R0\META-INF\MANIFEST.MF: No such file or directory
plugins\Tm_TS_TxDxM1I0R0\META-INF\MANIFEST.MF: FAILED open or read
S:\Tools\EB_Bootloader\Workspace\checksums\bin\sha1sum.exe: plugins\Tm_TS_TxDxM1I0R0\anchors.xml: No such file or directory
plugins\Tm_TS_TxDxM1I0R0\anchors.xml: FAILED open or read
S:\Tools\EB_Bootloader\Workspace\checksums\bin\sha1sum.exe: plugins\Tm_TS_TxDxM1I0R0\autosar\Tm.bmd: No such file or directory
plugins\Tm_TS_TxDxM1I0R0\autosar\Tm.bmd: FAILED open or read
S:\Tools\EB_Bootloader\Workspace\checksums\bin\sha1sum.exe: plugins\Tm_TS_TxDxM1I0R0\config\Tm.xdm: No such file or directory
plugins\Tm_TS_TxDxM1I0R0\config\Tm.xdm: FAILED open or read
S:\Tools\EB_Bootloader\Workspace\checksums\bin\sha1sum.exe: plugins\Tm_TS_TxDxM1I0R0\generate\include\Tm_Cfg.h: No such file or directory
plugins\Tm_TS_TxDxM1I0R0\generate\include\Tm_Cfg.h: FAILED open or read
S:\Tools\EB_Bootloader\Workspace\checksums\bin\sha1sum.exe: plugins\Tm_TS_TxDxM1I0R0\generate_swcd\swcd\Tm_Bswmd.arxml: No such file or directory
plugins\Tm_TS_TxDxM1I0R0\generate_swcd\swcd\Tm_Bswmd.arxml: FAILED open or read
S:\Tools\EB_Bootloader\Workspace\checksums\bin\sha1sum.exe: plugins\Tm_TS_TxDxM1I0R0\include\Tm.h: No such file or directory
plugins\Tm_TS_TxDxM1I0R0\include\Tm.h: FAILED open or read
S:\Tools\EB_Bootloader\Workspace\checksums\bin\sha1sum.exe: plugins\Tm_TS_TxDxM1I0R0\include\Tm_Trace.h: No such file or directory
plugins\Tm_TS_TxDxM1I0R0\include\Tm_Trace.h: FAILED open or read
S:\Tools\EB_Bootloader\Workspace\checksums\bin\sha1sum.exe: plugins\Tm_TS_TxDxM1I0R0\include\Tm_Types.h: No such file or directory
plugins\Tm_TS_TxDxM1I0R0\include\Tm_Types.h: FAILED open or read
S:\Tools\EB_Bootloader\Workspace\checksums\bin\sha1sum.exe: plugins\Tm_TS_TxDxM1I0R0\include\Tm_Version.h: No such file or directory
plugins\Tm_TS_TxDxM1I0R0\include\Tm_Version.h: FAILED open or read
S:\Tools\EB_Bootloader\Workspace\checksums\bin\sha1sum.exe: plugins\Tm_TS_TxDxM1I0R0\make\Tm_defs.mak: No such file or directory
plugins\Tm_TS_TxDxM1I0R0\make\Tm_defs.mak: FAILED open or read
S:\Tools\EB_Bootloader\Workspace\checksums\bin\sha1sum.exe: plugins\Tm_TS_TxDxM1I0R0\make\Tm_rules.mak: No such file or directory
plugins\Tm_TS_TxDxM1I0R0\make\Tm_rules.mak: FAILED open or read
S:\Tools\EB_Bootloader\Workspace\checksums\bin\sha1sum.exe: plugins\Tm_TS_TxDxM1I0R0\plugin.xml: No such file or directory
plugins\Tm_TS_TxDxM1I0R0\plugin.xml: FAILED open or read
S:\Tools\EB_Bootloader\Workspace\checksums\bin\sha1sum.exe: plugins\Tm_TS_TxDxM1I0R0\src\Tm.c: No such file or directory
plugins\Tm_TS_TxDxM1I0R0\src\Tm.c: FAILED open or read
S:\Tools\EB_Bootloader\Workspace\checksums\bin\sha1sum.exe: WARNING: 14 of 14 listed files could not be read
