S:\Tools\EB_Bootloader\Workspace\checksums\bin\sha1sum.exe: doc\4.0_EB_tresos_AutoCore_Generic\AutoCore_Generic_Tools4VWAG_documentation.pdf: No such file or directory
doc\4.0_EB_tresos_AutoCore_Generic\AutoCore_Generic_Tools4VWAG_documentation.pdf: FAILED open or read
S:\Tools\EB_Bootloader\Workspace\checksums\bin\sha1sum.exe: plugins\Tools4VWAGPreConfigExt\META-INF\MANIFEST.MF: No such file or directory
plugins\Tools4VWAGPreConfigExt\META-INF\MANIFEST.MF: FAILED open or read
S:\Tools\EB_Bootloader\Workspace\checksums\bin\sha1sum.exe: plugins\Tools4VWAGPreConfigExt\configuration_validation_report_build.xml: No such file or directory
plugins\Tools4VWAGPreConfigExt\configuration_validation_report_build.xml: FAILED open or read
S:\Tools\EB_Bootloader\Workspace\checksums\bin\sha1sum.exe: plugins\Tools4VWAGPreConfigExt\icons\configreport.gif: No such file or directory
plugins\Tools4VWAGPreConfigExt\icons\configreport.gif: FAILED open or read
S:\Tools\EB_Bootloader\Workspace\checksums\bin\sha1sum.exe: plugins\Tools4VWAGPreConfigExt\plugin.xml: No such file or directory
plugins\Tools4VWAGPreConfigExt\plugin.xml: FAILED open or read
S:\Tools\EB_Bootloader\Workspace\checksums\bin\sha1sum.exe: plugins\Tools4VWAGPreConfigExt\plugin_classes.jar: No such file or directory
plugins\Tools4VWAGPreConfigExt\plugin_classes.jar: FAILED open or read
S:\Tools\EB_Bootloader\Workspace\checksums\bin\sha1sum.exe: plugins\Tools4VWAGPreConfigExt\templates\configuration_validation_report.xml: No such file or directory
plugins\Tools4VWAGPreConfigExt\templates\configuration_validation_report.xml: FAILED open or read
S:\Tools\EB_Bootloader\Workspace\checksums\bin\sha1sum.exe: plugins\Tools4VWAGPreConfigExt\templates\configuration_validation_report.xsl: No such file or directory
plugins\Tools4VWAGPreConfigExt\templates\configuration_validation_report.xsl: FAILED open or read
S:\Tools\EB_Bootloader\Workspace\checksums\bin\sha1sum.exe: plugins\Tools4VWAGXPathExtensionExt_TS_TxDxM1I1R0.jar: No such file or directory
plugins\Tools4VWAGXPathExtensionExt_TS_TxDxM1I1R0.jar: FAILED open or read
S:\Tools\EB_Bootloader\Workspace\checksums\bin\sha1sum.exe: plugins\Tools4VWAG_TS_TxDxM1I1R0\META-INF\MANIFEST.MF: No such file or directory
plugins\Tools4VWAG_TS_TxDxM1I1R0\META-INF\MANIFEST.MF: FAILED open or read
S:\Tools\EB_Bootloader\Workspace\checksums\bin\sha1sum.exe: plugins\Tools4VWAG_TS_TxDxM1I1R0\anchors.xml: No such file or directory
plugins\Tools4VWAG_TS_TxDxM1I1R0\anchors.xml: FAILED open or read
S:\Tools\EB_Bootloader\Workspace\checksums\bin\sha1sum.exe: plugins\Tools4VWAG_TS_TxDxM1I1R0\autosar\Tools4VWAG.bmd: No such file or directory
plugins\Tools4VWAG_TS_TxDxM1I1R0\autosar\Tools4VWAG.bmd: FAILED open or read
S:\Tools\EB_Bootloader\Workspace\checksums\bin\sha1sum.exe: plugins\Tools4VWAG_TS_TxDxM1I1R0\config\Tools4VWAG.xdm: No such file or directory
plugins\Tools4VWAG_TS_TxDxM1I1R0\config\Tools4VWAG.xdm: FAILED open or read
S:\Tools\EB_Bootloader\Workspace\checksums\bin\sha1sum.exe: plugins\Tools4VWAG_TS_TxDxM1I1R0\config_ext\VWDefault.xdm: No such file or directory
plugins\Tools4VWAG_TS_TxDxM1I1R0\config_ext\VWDefault.xdm: FAILED open or read
S:\Tools\EB_Bootloader\Workspace\checksums\bin\sha1sum.exe: plugins\Tools4VWAG_TS_TxDxM1I1R0\generate_ExtractUpdate\macros.m: No such file or directory
plugins\Tools4VWAG_TS_TxDxM1I1R0\generate_ExtractUpdate\macros.m: FAILED open or read
S:\Tools\EB_Bootloader\Workspace\checksums\bin\sha1sum.exe: plugins\Tools4VWAG_TS_TxDxM1I1R0\generate_ExtractUpdate\tools\DiagExtractUpdate.bat: No such file or directory
plugins\Tools4VWAG_TS_TxDxM1I1R0\generate_ExtractUpdate\tools\DiagExtractUpdate.bat: FAILED open or read
S:\Tools\EB_Bootloader\Workspace\checksums\bin\sha1sum.exe: plugins\Tools4VWAG_TS_TxDxM1I1R0\generate_ExtractUpdate\tools\ECUExtractUpdate.bat: No such file or directory
plugins\Tools4VWAG_TS_TxDxM1I1R0\generate_ExtractUpdate\tools\ECUExtractUpdate.bat: FAILED open or read
S:\Tools\EB_Bootloader\Workspace\checksums\bin\sha1sum.exe: plugins\Tools4VWAG_TS_TxDxM1I1R0\generate_ExtractUpdate\tools\PostDiagExtractUpdate.bat: No such file or directory
plugins\Tools4VWAG_TS_TxDxM1I1R0\generate_ExtractUpdate\tools\PostDiagExtractUpdate.bat: FAILED open or read
S:\Tools\EB_Bootloader\Workspace\checksums\bin\sha1sum.exe: plugins\Tools4VWAG_TS_TxDxM1I1R0\make\Tools4VWAG_defs.mak: No such file or directory
plugins\Tools4VWAG_TS_TxDxM1I1R0\make\Tools4VWAG_defs.mak: FAILED open or read
S:\Tools\EB_Bootloader\Workspace\checksums\bin\sha1sum.exe: plugins\Tools4VWAG_TS_TxDxM1I1R0\make\Tools4VWAG_rules.mak: No such file or directory
plugins\Tools4VWAG_TS_TxDxM1I1R0\make\Tools4VWAG_rules.mak: FAILED open or read
S:\Tools\EB_Bootloader\Workspace\checksums\bin\sha1sum.exe: plugins\Tools4VWAG_TS_TxDxM1I1R0\plugin.xml: No such file or directory
plugins\Tools4VWAG_TS_TxDxM1I1R0\plugin.xml: FAILED open or read
S:\Tools\EB_Bootloader\Workspace\checksums\bin\sha1sum.exe: plugins\Tools4VWAG_TS_TxDxM1I1R0\tools\EcuExtractUpdate.jar: No such file or directory
plugins\Tools4VWAG_TS_TxDxM1I1R0\tools\EcuExtractUpdate.jar: FAILED open or read
S:\Tools\EB_Bootloader\Workspace\checksums\bin\sha1sum.exe: plugins\Tools4VWAG_TS_TxDxM1I1R0\tools\EcuExtractUpdate.xpr: No such file or directory
plugins\Tools4VWAG_TS_TxDxM1I1R0\tools\EcuExtractUpdate.xpr: FAILED open or read
S:\Tools\EB_Bootloader\Workspace\checksums\bin\sha1sum.exe: plugins\Tools4VWAG_TS_TxDxM1I1R0\tools\EcuExtractUpdate\EcuExtractUpdate.bat: No such file or directory
plugins\Tools4VWAG_TS_TxDxM1I1R0\tools\EcuExtractUpdate\EcuExtractUpdate.bat: FAILED open or read
S:\Tools\EB_Bootloader\Workspace\checksums\bin\sha1sum.exe: plugins\Tools4VWAG_TS_TxDxM1I1R0\tools\Saxon9HE\PackageVersion.txt: No such file or directory
plugins\Tools4VWAG_TS_TxDxM1I1R0\tools\Saxon9HE\PackageVersion.txt: FAILED open or read
S:\Tools\EB_Bootloader\Workspace\checksums\bin\sha1sum.exe: plugins\Tools4VWAG_TS_TxDxM1I1R0\tools\Saxon9HE\Saxon9HE_2015-02-05.txt: No such file or directory
plugins\Tools4VWAG_TS_TxDxM1I1R0\tools\Saxon9HE\Saxon9HE_2015-02-05.txt: FAILED open or read
S:\Tools\EB_Bootloader\Workspace\checksums\bin\sha1sum.exe: plugins\Tools4VWAG_TS_TxDxM1I1R0\tools\Saxon9HE\doc\img\saxonica_logo.gif: No such file or directory
plugins\Tools4VWAG_TS_TxDxM1I1R0\tools\Saxon9HE\doc\img\saxonica_logo.gif: FAILED open or read
S:\Tools\EB_Bootloader\Workspace\checksums\bin\sha1sum.exe: plugins\Tools4VWAG_TS_TxDxM1I1R0\tools\Saxon9HE\doc\index.html: No such file or directory
plugins\Tools4VWAG_TS_TxDxM1I1R0\tools\Saxon9HE\doc\index.html: FAILED open or read
S:\Tools\EB_Bootloader\Workspace\checksums\bin\sha1sum.exe: plugins\Tools4VWAG_TS_TxDxM1I1R0\tools\Saxon9HE\doc\saxondocs.css: No such file or directory
plugins\Tools4VWAG_TS_TxDxM1I1R0\tools\Saxon9HE\doc\saxondocs.css: FAILED open or read
S:\Tools\EB_Bootloader\Workspace\checksums\bin\sha1sum.exe: plugins\Tools4VWAG_TS_TxDxM1I1R0\tools\Saxon9HE\notices\CERN.txt: No such file or directory
plugins\Tools4VWAG_TS_TxDxM1I1R0\tools\Saxon9HE\notices\CERN.txt: FAILED open or read
S:\Tools\EB_Bootloader\Workspace\checksums\bin\sha1sum.exe: plugins\Tools4VWAG_TS_TxDxM1I1R0\tools\Saxon9HE\notices\JAMESCLARK.txt: No such file or directory
plugins\Tools4VWAG_TS_TxDxM1I1R0\tools\Saxon9HE\notices\JAMESCLARK.txt: FAILED open or read
S:\Tools\EB_Bootloader\Workspace\checksums\bin\sha1sum.exe: plugins\Tools4VWAG_TS_TxDxM1I1R0\tools\Saxon9HE\notices\LICENSE.txt: No such file or directory
plugins\Tools4VWAG_TS_TxDxM1I1R0\tools\Saxon9HE\notices\LICENSE.txt: FAILED open or read
S:\Tools\EB_Bootloader\Workspace\checksums\bin\sha1sum.exe: plugins\Tools4VWAG_TS_TxDxM1I1R0\tools\Saxon9HE\notices\THAI.txt: No such file or directory
plugins\Tools4VWAG_TS_TxDxM1I1R0\tools\Saxon9HE\notices\THAI.txt: FAILED open or read
S:\Tools\EB_Bootloader\Workspace\checksums\bin\sha1sum.exe: plugins\Tools4VWAG_TS_TxDxM1I1R0\tools\Saxon9HE\notices\UNICODE.txt: No such file or directory
plugins\Tools4VWAG_TS_TxDxM1I1R0\tools\Saxon9HE\notices\UNICODE.txt: FAILED open or read
S:\Tools\EB_Bootloader\Workspace\checksums\bin\sha1sum.exe: plugins\Tools4VWAG_TS_TxDxM1I1R0\tools\Saxon9HE\saxon9-test.jar: No such file or directory
plugins\Tools4VWAG_TS_TxDxM1I1R0\tools\Saxon9HE\saxon9-test.jar: FAILED open or read
S:\Tools\EB_Bootloader\Workspace\checksums\bin\sha1sum.exe: plugins\Tools4VWAG_TS_TxDxM1I1R0\tools\Saxon9HE\saxon9-unpack.jar: No such file or directory
plugins\Tools4VWAG_TS_TxDxM1I1R0\tools\Saxon9HE\saxon9-unpack.jar: FAILED open or read
S:\Tools\EB_Bootloader\Workspace\checksums\bin\sha1sum.exe: plugins\Tools4VWAG_TS_TxDxM1I1R0\tools\Saxon9HE\saxon9-xqj.jar: No such file or directory
plugins\Tools4VWAG_TS_TxDxM1I1R0\tools\Saxon9HE\saxon9-xqj.jar: FAILED open or read
S:\Tools\EB_Bootloader\Workspace\checksums\bin\sha1sum.exe: plugins\Tools4VWAG_TS_TxDxM1I1R0\tools\Saxon9HE\saxon9he.jar: No such file or directory
plugins\Tools4VWAG_TS_TxDxM1I1R0\tools\Saxon9HE\saxon9he.jar: FAILED open or read
S:\Tools\EB_Bootloader\Workspace\checksums\bin\sha1sum.exe: plugins\Tools4VWAG_TS_TxDxM1I1R0\tools\xslt\DiagExtractUpdate.xslt: No such file or directory
plugins\Tools4VWAG_TS_TxDxM1I1R0\tools\xslt\DiagExtractUpdate.xslt: FAILED open or read
S:\Tools\EB_Bootloader\Workspace\checksums\bin\sha1sum.exe: plugins\Tools4VWAG_TS_TxDxM1I1R0\tools\xslt_lib\DefaultCopy.xslt: No such file or directory
plugins\Tools4VWAG_TS_TxDxM1I1R0\tools\xslt_lib\DefaultCopy.xslt: FAILED open or read
S:\Tools\EB_Bootloader\Workspace\checksums\bin\sha1sum.exe: plugins\Tools4VWAG_TS_TxDxM1I1R0\tools\xslt_lib\GetAsrChildNode2.xslt: No such file or directory
plugins\Tools4VWAG_TS_TxDxM1I1R0\tools\xslt_lib\GetAsrChildNode2.xslt: FAILED open or read
S:\Tools\EB_Bootloader\Workspace\checksums\bin\sha1sum.exe: plugins\Tools4VWAG_TS_TxDxM1I1R0\tools\xslt_lib\GetAsrNode2.xslt: No such file or directory
plugins\Tools4VWAG_TS_TxDxM1I1R0\tools\xslt_lib\GetAsrNode2.xslt: FAILED open or read
S:\Tools\EB_Bootloader\Workspace\checksums\bin\sha1sum.exe: plugins\Tools4VWAG_TS_TxDxM1I1R0\tools\xslt_lib\GetAsrPath2.xslt: No such file or directory
plugins\Tools4VWAG_TS_TxDxM1I1R0\tools\xslt_lib\GetAsrPath2.xslt: FAILED open or read
S:\Tools\EB_Bootloader\Workspace\checksums\bin\sha1sum.exe: plugins\Tools4VWAG_TS_TxDxM1I1R0\tools\xslt_lib\MathPower2.xslt: No such file or directory
plugins\Tools4VWAG_TS_TxDxM1I1R0\tools\xslt_lib\MathPower2.xslt: FAILED open or read
S:\Tools\EB_Bootloader\Workspace\checksums\bin\sha1sum.exe: plugins\eb.tresos.doc.Tools4VWAG_TS_TxDxM1I1R0_module_documentation.help.en.jar: No such file or directory
plugins\eb.tresos.doc.Tools4VWAG_TS_TxDxM1I1R0_module_documentation.help.en.jar: FAILED open or read
S:\Tools\EB_Bootloader\Workspace\checksums\bin\sha1sum.exe: WARNING: 45 of 45 listed files could not be read
