S:\Tools\EB_Bootloader\Workspace\checksums\bin\sha1sum.exe: plugins\Uds_TS_TxDxM3I12R0\META-INF\MANIFEST.MF: No such file or directory
plugins\Uds_TS_TxDxM3I12R0\META-INF\MANIFEST.MF: FAILED open or read
S:\Tools\EB_Bootloader\Workspace\checksums\bin\sha1sum.exe: plugins\Uds_TS_TxDxM3I12R0\anchors.xml: No such file or directory
plugins\Uds_TS_TxDxM3I12R0\anchors.xml: FAILED open or read
S:\Tools\EB_Bootloader\Workspace\checksums\bin\sha1sum.exe: plugins\Uds_TS_TxDxM3I12R0\config\Uds.xdm: No such file or directory
plugins\Uds_TS_TxDxM3I12R0\config\Uds.xdm: FAILED open or read
S:\Tools\EB_Bootloader\Workspace\checksums\bin\sha1sum.exe: plugins\Uds_TS_TxDxM3I12R0\config_ext\UdsPreConfiguration.xdm: No such file or directory
plugins\Uds_TS_TxDxM3I12R0\config_ext\UdsPreConfiguration.xdm: FAILED open or read
S:\Tools\EB_Bootloader\Workspace\checksums\bin\sha1sum.exe: plugins\Uds_TS_TxDxM3I12R0\config_ext\UdsRecConfiguration.xdm: No such file or directory
plugins\Uds_TS_TxDxM3I12R0\config_ext\UdsRecConfiguration.xdm: FAILED open or read
S:\Tools\EB_Bootloader\Workspace\checksums\bin\sha1sum.exe: plugins\Uds_TS_TxDxM3I12R0\generate\include\UDS_Cbk.h: No such file or directory
plugins\Uds_TS_TxDxM3I12R0\generate\include\UDS_Cbk.h: FAILED open or read
S:\Tools\EB_Bootloader\Workspace\checksums\bin\sha1sum.exe: plugins\Uds_TS_TxDxM3I12R0\generate\include\UDS_Cfg.h: No such file or directory
plugins\Uds_TS_TxDxM3I12R0\generate\include\UDS_Cfg.h: FAILED open or read
S:\Tools\EB_Bootloader\Workspace\checksums\bin\sha1sum.exe: plugins\Uds_TS_TxDxM3I12R0\generate\include\UDS_Types.h: No such file or directory
plugins\Uds_TS_TxDxM3I12R0\generate\include\UDS_Types.h: FAILED open or read
S:\Tools\EB_Bootloader\Workspace\checksums\bin\sha1sum.exe: plugins\Uds_TS_TxDxM3I12R0\generate\src\UDS_Cfg.c: No such file or directory
plugins\Uds_TS_TxDxM3I12R0\generate\src\UDS_Cfg.c: FAILED open or read
S:\Tools\EB_Bootloader\Workspace\checksums\bin\sha1sum.exe: plugins\Uds_TS_TxDxM3I12R0\generate\templates\UDS_Cbk.c: No such file or directory
plugins\Uds_TS_TxDxM3I12R0\generate\templates\UDS_Cbk.c: FAILED open or read
S:\Tools\EB_Bootloader\Workspace\checksums\bin\sha1sum.exe: plugins\Uds_TS_TxDxM3I12R0\generate\templates\UDS_MemMap.h: No such file or directory
plugins\Uds_TS_TxDxM3I12R0\generate\templates\UDS_MemMap.h: FAILED open or read
S:\Tools\EB_Bootloader\Workspace\checksums\bin\sha1sum.exe: plugins\Uds_TS_TxDxM3I12R0\include\UDS_Pub.h: No such file or directory
plugins\Uds_TS_TxDxM3I12R0\include\UDS_Pub.h: FAILED open or read
S:\Tools\EB_Bootloader\Workspace\checksums\bin\sha1sum.exe: plugins\Uds_TS_TxDxM3I12R0\include\UDS_Trace.h: No such file or directory
plugins\Uds_TS_TxDxM3I12R0\include\UDS_Trace.h: FAILED open or read
S:\Tools\EB_Bootloader\Workspace\checksums\bin\sha1sum.exe: plugins\Uds_TS_TxDxM3I12R0\make\Uds_defs.mak: No such file or directory
plugins\Uds_TS_TxDxM3I12R0\make\Uds_defs.mak: FAILED open or read
S:\Tools\EB_Bootloader\Workspace\checksums\bin\sha1sum.exe: plugins\Uds_TS_TxDxM3I12R0\make\Uds_rules.mak: No such file or directory
plugins\Uds_TS_TxDxM3I12R0\make\Uds_rules.mak: FAILED open or read
S:\Tools\EB_Bootloader\Workspace\checksums\bin\sha1sum.exe: plugins\Uds_TS_TxDxM3I12R0\plugin.xml: No such file or directory
plugins\Uds_TS_TxDxM3I12R0\plugin.xml: FAILED open or read
S:\Tools\EB_Bootloader\Workspace\checksums\bin\sha1sum.exe: plugins\Uds_TS_TxDxM3I12R0\src\UDS_Prg.c: No such file or directory
plugins\Uds_TS_TxDxM3I12R0\src\UDS_Prg.c: FAILED open or read
S:\Tools\EB_Bootloader\Workspace\checksums\bin\sha1sum.exe: WARNING: 17 of 17 listed files could not be read
