S:\Tools\EB_Bootloader\Workspace\checksums\bin\sha1sum.exe: doc\4.0_EB_tresos_AutoCore_Generic\AutoCore_Generic_vscDiagAppl_documentation.pdf: No such file or directory
doc\4.0_EB_tresos_AutoCore_Generic\AutoCore_Generic_vscDiagAppl_documentation.pdf: FAILED open or read
S:\Tools\EB_Bootloader\Workspace\checksums\bin\sha1sum.exe: plugins\eb.tresos.doc.vscDiagAppl_TS_TxDxM1I1R0_module_documentation.help.en.jar: No such file or directory
plugins\eb.tresos.doc.vscDiagAppl_TS_TxDxM1I1R0_module_documentation.help.en.jar: FAILED open or read
S:\Tools\EB_Bootloader\Workspace\checksums\bin\sha1sum.exe: plugins\vscDiagAppl_TS_TxDxM1I1R0\META-INF\MANIFEST.MF: No such file or directory
plugins\vscDiagAppl_TS_TxDxM1I1R0\META-INF\MANIFEST.MF: FAILED open or read
S:\Tools\EB_Bootloader\Workspace\checksums\bin\sha1sum.exe: plugins\vscDiagAppl_TS_TxDxM1I1R0\anchors.xml: No such file or directory
plugins\vscDiagAppl_TS_TxDxM1I1R0\anchors.xml: FAILED open or read
S:\Tools\EB_Bootloader\Workspace\checksums\bin\sha1sum.exe: plugins\vscDiagAppl_TS_TxDxM1I1R0\config\vscDiagAppl.xdm: No such file or directory
plugins\vscDiagAppl_TS_TxDxM1I1R0\config\vscDiagAppl.xdm: FAILED open or read
S:\Tools\EB_Bootloader\Workspace\checksums\bin\sha1sum.exe: plugins\vscDiagAppl_TS_TxDxM1I1R0\generate\include\vscDiagAppl_Cfg.h: No such file or directory
plugins\vscDiagAppl_TS_TxDxM1I1R0\generate\include\vscDiagAppl_Cfg.h: FAILED open or read
S:\Tools\EB_Bootloader\Workspace\checksums\bin\sha1sum.exe: plugins\vscDiagAppl_TS_TxDxM1I1R0\generate_swcd\swcd\DiagAppl.arxml: No such file or directory
plugins\vscDiagAppl_TS_TxDxM1I1R0\generate_swcd\swcd\DiagAppl.arxml: FAILED open or read
S:\Tools\EB_Bootloader\Workspace\checksums\bin\sha1sum.exe: plugins\vscDiagAppl_TS_TxDxM1I1R0\include\vscDiagAppl.h: No such file or directory
plugins\vscDiagAppl_TS_TxDxM1I1R0\include\vscDiagAppl.h: FAILED open or read
S:\Tools\EB_Bootloader\Workspace\checksums\bin\sha1sum.exe: plugins\vscDiagAppl_TS_TxDxM1I1R0\make\vscDiagAppl_defs.mak: No such file or directory
plugins\vscDiagAppl_TS_TxDxM1I1R0\make\vscDiagAppl_defs.mak: FAILED open or read
S:\Tools\EB_Bootloader\Workspace\checksums\bin\sha1sum.exe: plugins\vscDiagAppl_TS_TxDxM1I1R0\make\vscDiagAppl_rules.mak: No such file or directory
plugins\vscDiagAppl_TS_TxDxM1I1R0\make\vscDiagAppl_rules.mak: FAILED open or read
S:\Tools\EB_Bootloader\Workspace\checksums\bin\sha1sum.exe: plugins\vscDiagAppl_TS_TxDxM1I1R0\plugin.xml: No such file or directory
plugins\vscDiagAppl_TS_TxDxM1I1R0\plugin.xml: FAILED open or read
S:\Tools\EB_Bootloader\Workspace\checksums\bin\sha1sum.exe: plugins\vscDiagAppl_TS_TxDxM1I1R0\src\vscDiagAppl.c: No such file or directory
plugins\vscDiagAppl_TS_TxDxM1I1R0\src\vscDiagAppl.c: FAILED open or read
S:\Tools\EB_Bootloader\Workspace\checksums\bin\sha1sum.exe: WARNING: 12 of 12 listed files could not be read
